

 ETABS Ultimate 64-bit 23.2.0 Build 4400 (Analysis Build 10002/64)
 File: E:\Etabs Projects\G+1 Commerial Building\G+1 Commerial_Building.LOG




 B E G I N   A N A L Y S I S                                2026/07/04  22:14:29


 RUNNING ANALYSIS AS A SEPARATE PROCESS
 USING THE ADVANCED SOLVER (PROVIDES LIMITED INSTABILITY INFORMATION)

 NUMBER OF JOINTS                          =         279
    WITH RESTRAINTS                        =          53
    WITH MASS                              =          40
 NUMBER OF FRAME/TENDON ELEMENTS           =         417
 NUMBER OF SHELL ELEMENTS                  =         116
 NUMBER OF CONSTRAINTS/WELDS               =           7
 NUMBER OF LOAD PATTERNS                   =          32
 NUMBER OF ACCELERATION LOADS              =          12
 NUMBER OF LOAD CASES                      =          17
 NUMBER OF MASS SOURCES                    =           1

 UNITS (FORCE, LENGTH, TEMPERATURE, TIME)  = N, mm, °C, sec
 GRAVITATIONAL ACCELERATION                =    9806.650

 ADDRESSABLE PHYSICAL MEMORY (RAM)         =      31.710 GB

 PARALLELIZATION OF ANALYSIS OPERATIONS:
  (Env. variable SAPFIRE_NUM_THREADS not set)
 NUMBER OF THREADS: STATE (AUTOMATIC)      =           6
 NUMBER OF THREADS: STIFFNESS (AUTOMATIC)  =           6
 NUMBER OF THREADS: EVENT (AUTOMATIC)      =           6
 NUMBER OF THREADS: MOVE (AUTOMATIC)       =           6
 NUMBER OF THREADS: RESPONSE (AUTOMATIC)   =           6
 NUMBER OF THREADS: SOLVE (AUTOMATIC)      =           6
 NUMBER OF THREADS: FORM (AUTOMATIC)       =           6


 E L E M E N T   F O R M A T I O N                                      22:14:30


 NUMBER OF COUPLED CONSTRAINT EQUATIONS    =           0


 L I N E A R   E Q U A T I O N   S O L U T I O N                        22:14:30

 FORMING STIFFNESS AT ZERO (UNSTRESSED) INITIAL CONDITIONS

 TOTAL NUMBER OF EQUILIBRIUM EQUATIONS     =         738
 NUMBER OF NON-ZERO STIFFNESS TERMS        =       11556

 ---------------------------------
 BASIC STABILITY CHECK FOR LINEAR LOAD CASES:
    NUMBER OF NEGATIVE STIFFNESS EIGENVALUES SHOULD BE ZERO FOR STABILITY.
    (NOTE: FURTHER CHECKS SHOULD BE CONSIDERED AS DEEMED NECESSARY,
     SUCH AS REVIEWING EIGEN MODES FOR MECHANISMS AND RIGID-BODY MOTION)

    NUMBER OF NEGATIVE EIGENVALUES         =           0,  OK.
 ---------------------------------


 L I N E A R   S T A T I C   C A S E S                                  22:14:30

 USING STIFFNESS AT ZERO (UNSTRESSED) INITIAL CONDITIONS

 TOTAL NUMBER OF CASES TO SOLVE            =           8
 NUMBER OF CASES TO SOLVE PER BLOCK        =           8

 LINEAR STATIC CASES TO BE SOLVED:

 CASE: DEAD
 CASE: LIVE
 CASE: WALL LOAD
 CASE: ROOF LIVE
 CASE: FF+CP
 CASE: STAIRCASE
 CASE: LIFT AND WATER TANK
 CASE: ~LLRF


 M U L T I - S T E P   L I N E A R   S T A T I C   A N A L Y S I S      22:14:30

 CASE: EQ X-

 USING STIFFNESS AT ZERO (UNSTRESSED) INITIAL CONDITIONS

 NUMBER OF LOAD STEPS                      =           2


 Solving load steps:       1 to       2
 NUMBER OF OUTPUT STEPS SAVED              =           2


 M U L T I - S T E P   L I N E A R   S T A T I C   A N A L Y S I S      22:14:30

 CASE: EQ X+

 USING STIFFNESS AT ZERO (UNSTRESSED) INITIAL CONDITIONS

 NUMBER OF LOAD STEPS                      =           2


 Solving load steps:       1 to       2
 NUMBER OF OUTPUT STEPS SAVED              =           2


 M U L T I - S T E P   L I N E A R   S T A T I C   A N A L Y S I S      22:14:30

 CASE: EQ Y-

 USING STIFFNESS AT ZERO (UNSTRESSED) INITIAL CONDITIONS

 NUMBER OF LOAD STEPS                      =           2


 Solving load steps:       1 to       2
 NUMBER OF OUTPUT STEPS SAVED              =           2


 M U L T I - S T E P   L I N E A R   S T A T I C   A N A L Y S I S      22:14:30

 CASE: EQ Y+

 USING STIFFNESS AT ZERO (UNSTRESSED) INITIAL CONDITIONS

 NUMBER OF LOAD STEPS                      =           2


 Solving load steps:       1 to       2
 NUMBER OF OUTPUT STEPS SAVED              =           2


 M U L T I - S T E P   L I N E A R   S T A T I C   A N A L Y S I S      22:14:30

 CASE: WIND X+

 USING STIFFNESS AT ZERO (UNSTRESSED) INITIAL CONDITIONS

 NUMBER OF LOAD STEPS                      =           2


 Solving load steps:       1 to       2
 NUMBER OF OUTPUT STEPS SAVED              =           2


 M U L T I - S T E P   L I N E A R   S T A T I C   A N A L Y S I S      22:14:30

 CASE: WIND X-

 USING STIFFNESS AT ZERO (UNSTRESSED) INITIAL CONDITIONS

 NUMBER OF LOAD STEPS                      =           2


 Solving load steps:       1 to       2
 NUMBER OF OUTPUT STEPS SAVED              =           2


 M U L T I - S T E P   L I N E A R   S T A T I C   A N A L Y S I S      22:14:30

 CASE: WIND Y+

 USING STIFFNESS AT ZERO (UNSTRESSED) INITIAL CONDITIONS

 NUMBER OF LOAD STEPS                      =           2


 Solving load steps:       1 to       2
 NUMBER OF OUTPUT STEPS SAVED              =           2


 M U L T I - S T E P   L I N E A R   S T A T I C   A N A L Y S I S      22:14:30

 CASE: WIND Y-

 USING STIFFNESS AT ZERO (UNSTRESSED) INITIAL CONDITIONS

 NUMBER OF LOAD STEPS                      =           2


 Solving load steps:       1 to       2
 NUMBER OF OUTPUT STEPS SAVED              =           2


 E I G E N   M O D A L   A N A L Y S I S                                22:14:30

 CASE: MODAL

 USING STIFFNESS AT ZERO (UNSTRESSED) INITIAL CONDITIONS

 NUMBER OF STIFFNESS DEGREES OF FREEDOM    =         738
 NUMBER OF MASS DEGREES OF FREEDOM         =          50
 MAXIMUM NUMBER OF EIGEN MODES SOUGHT      =          12
 MINIMUM NUMBER OF EIGEN MODES SOUGHT      =           1
 NUMBER OF RESIDUAL-MASS MODES SOUGHT      =           0
 NUMBER OF SUBSPACE VECTORS USED           =          24
 RELATIVE CONVERGENCE TOLERANCE            =    1.00E-09

 FREQUENCY SHIFT  (CENTER) (CYC/TIME)      =     .000000
 FREQUENCY CUTOFF (RADIUS) (CYC/TIME)      =  -INFINITY-
 ALLOW AUTOMATIC FREQUENCY SHIFTING        =         YES


 Original stiffness at shift : EV= 0.0000000E+00, f=     .000000, T=  -INFINITY-
 Number of eigenvalues below shift =      0
 Found mode      1 of     12:  EV= 2.3661129E+02, f=    2.448149, T=    0.408472
 Found mode      2 of     12:  EV= 2.8478797E+02, f=    2.685845, T=    0.372322
 Found mode      3 of     12:  EV= 3.5214561E+02, f=    2.986629, T=    0.334826
 Found mode      4 of     12:  EV= 2.2713489E+03, f=    7.585113, T=    0.131837
 Found mode      5 of     12:  EV= 2.8875429E+03, f=    8.552328, T=    0.116927
 Found mode      6 of     12:  EV= 3.6026578E+03, f=    9.552821, T=    0.104681
 Found mode      7 of     12:  EV= 5.6643742E+03, f=   11.978325, T=    0.083484
 Found mode      8 of     12:  EV= 7.8111980E+03, f=   14.066270, T=    0.071092
 Found mode      9 of     12:  EV= 9.0205393E+03, f=   15.115983, T=    0.066155
 Found mode     10 of     12:  EV= 1.1248590E+04, f=   16.879873, T=    0.059242
 Found mode     11 of     12:  EV= 1.3232205E+04, f=   18.307803, T=    0.054622
 Found mode     12 of     12:  EV= 1.5898275E+04, f=   20.067586, T=    0.049832

 NUMBER OF EIGEN MODES FOUND               =          12
 NUMBER OF ITERATIONS PERFORMED            =           6
 NUMBER OF STIFFNESS SHIFTS                =           0


 A N A L Y S I S   C O M P L E T E                          2026/07/04  22:14:30


 ETABS Ultimate 64-bit 23.2.0 Build 4400 (Analysis Build 10002/64)
 File: E:\Etabs Projects\G+1 Commerial Building\G+1 Commerial_Building.LOG




 B E G I N   A N A L Y S I S                                2026/07/04  22:14:33


 RUNNING ANALYSIS AS A SEPARATE PROCESS
 USING THE ADVANCED SOLVER (PROVIDES LIMITED INSTABILITY INFORMATION)

 NUMBER OF JOINTS                          =         279
    WITH RESTRAINTS                        =          53
    WITH MASS                              =          40
 NUMBER OF FRAME/TENDON ELEMENTS           =         417
 NUMBER OF SHELL ELEMENTS                  =         116
 NUMBER OF CONSTRAINTS/WELDS               =           7
 NUMBER OF LOAD PATTERNS                   =          32
 NUMBER OF ACCELERATION LOADS              =          12
 NUMBER OF LOAD CASES                      =          17
 NUMBER OF MASS SOURCES                    =           1

 UNITS (FORCE, LENGTH, TEMPERATURE, TIME)  = N, mm, °C, sec
 GRAVITATIONAL ACCELERATION                =    9806.650

 ADDRESSABLE PHYSICAL MEMORY (RAM)         =      31.710 GB

 PARALLELIZATION OF ANALYSIS OPERATIONS:
  (Env. variable SAPFIRE_NUM_THREADS not set)
 NUMBER OF THREADS: STATE (AUTOMATIC)      =           6
 NUMBER OF THREADS: STIFFNESS (AUTOMATIC)  =           6
 NUMBER OF THREADS: EVENT (AUTOMATIC)      =           6
 NUMBER OF THREADS: MOVE (AUTOMATIC)       =           6
 NUMBER OF THREADS: RESPONSE (AUTOMATIC)   =           6
 NUMBER OF THREADS: SOLVE (AUTOMATIC)      =           6
 NUMBER OF THREADS: FORM (AUTOMATIC)       =           6


 E L E M E N T   F O R M A T I O N                                      22:14:33


 NUMBER OF COUPLED CONSTRAINT EQUATIONS    =           0


 L I N E A R   E Q U A T I O N   S O L U T I O N                        22:14:33

 FORMING STIFFNESS AT ZERO (UNSTRESSED) INITIAL CONDITIONS

 TOTAL NUMBER OF EQUILIBRIUM EQUATIONS     =         738
 NUMBER OF NON-ZERO STIFFNESS TERMS        =       11556

 ---------------------------------
 BASIC STABILITY CHECK FOR LINEAR LOAD CASES:
    NUMBER OF NEGATIVE STIFFNESS EIGENVALUES SHOULD BE ZERO FOR STABILITY.
    (NOTE: FURTHER CHECKS SHOULD BE CONSIDERED AS DEEMED NECESSARY,
     SUCH AS REVIEWING EIGEN MODES FOR MECHANISMS AND RIGID-BODY MOTION)

    NUMBER OF NEGATIVE EIGENVALUES         =           0,  OK.
 ---------------------------------


 M U L T I - S T E P   L I N E A R   S T A T I C   A N A L Y S I S      22:14:33

 CASE: EQ X-

 USING STIFFNESS AT ZERO (UNSTRESSED) INITIAL CONDITIONS

 NUMBER OF LOAD STEPS                      =           2


 Solving load steps:       1 to       2
 NUMBER OF OUTPUT STEPS SAVED              =           2


 M U L T I - S T E P   L I N E A R   S T A T I C   A N A L Y S I S      22:14:33

 CASE: EQ X+

 USING STIFFNESS AT ZERO (UNSTRESSED) INITIAL CONDITIONS

 NUMBER OF LOAD STEPS                      =           2


 Solving load steps:       1 to       2
 NUMBER OF OUTPUT STEPS SAVED              =           2


 M U L T I - S T E P   L I N E A R   S T A T I C   A N A L Y S I S      22:14:33

 CASE: EQ Y-

 USING STIFFNESS AT ZERO (UNSTRESSED) INITIAL CONDITIONS

 NUMBER OF LOAD STEPS                      =           2


 Solving load steps:       1 to       2
 NUMBER OF OUTPUT STEPS SAVED              =           2


 M U L T I - S T E P   L I N E A R   S T A T I C   A N A L Y S I S      22:14:33

 CASE: EQ Y+

 USING STIFFNESS AT ZERO (UNSTRESSED) INITIAL CONDITIONS

 NUMBER OF LOAD STEPS                      =           2


 Solving load steps:       1 to       2
 NUMBER OF OUTPUT STEPS SAVED              =           2


 A N A L Y S I S   C O M P L E T E                          2026/07/04  22:14:33
